the 603
i 519
to 432
and 376
of 359
a 334
in 265
his 219
he 218
my 196
was 195
that 194
it 164
not 151
me 141
him 139
you 125
but 121
bartleby 118
at 116
with 111
for 108
as 101
would 96
had 88
be 83
is 74
this 70
all 67
by 66
upon 66
from 64
on 58
said 58
no 57
what 55
so 54
one 51
do 50
have 50
an 48
any 47
then 46
will 46
which 45
if 44
or 44
there 43
some 42
now 39
prefer 39
office 38
turkey 38
man 36
when 36
are 34
could 31
more 31
nippers 31
thought 30
were 30
up 29
very 29
must 28
into 27
nothing 27
out 27
such 27
your 27
myself 26
time 26
am 25
been 25
business 24
like 24
might 24
morning 24
never 24
other 24
thing 24
about 23
being 23
here 23
own 23
sir 23
them 23
who 23
day 22
did 22
these 21
after 20
last 20
should 20
think 20
little 19
over 19
screen 19
something 19
yet 19
behind 18
say 17
scrivener 17
than 17
they 17
without 17
only 16
room 16
seemed 16
though 16
towards 16
went 16
word 16
afternoon 15
answer 15
certain 15
indeed 15
papers 15
too 15
again 14
chambers 14
every 14
few 14
ginger 14
great 14
has 14
himself 14
how 14
place 14
see 14
sort 14
two 14
under 14
while 14
away 13
before 13
can 13
days 13
desk 13
door 13
first 13
made 13
next 13
present 13
rather 13
shall 13
those 13
came 12
common 12
down 12
saw 12
give 11
go 11
hand 11
know 11
may 11
much 11
nut 11
old 11
round 11
take 11
their 11
way 11
called 10
done 10
examine 10
eyes 10
further 10
good 10
left 10
life 10
mind 10
pale 10
person 10
replied 10
reply 10
same 10
sat 10
short 10
standing 10
strange 10
table 10
well 10
against 9
among 9
copying 9
face 9
going 9
its 9
just 9
moment 9
most 9
o'clock 9
poor 9
premises 9
quit 9
quite 9
remained 9
through 9
tone 9
twelve 9
wall 9
added 8
another 8
best 8
cannot 8
coat 8
dinner 8
does 8
entirely 8
even 8
ever 8
fact 8
felt 8
help 8
home 8
least 8
make 8
rid 8
sake 8
still 8
where 8
whom 8
within 8
yes 8
alone 7
bartleby's 7
call 7
come 7
copy 7
found 7
having 7
hermitage 7
however 7
kept 7
key 7
let 7
looking 7
manner 7
matter 7
men 7
new 7
open 7
original 7
paper 7
purpose 7
put 7
remembered 7
small 7
speak 7
submission 7
we 7
whether 7
why 7
window 7
words 7
writing 7
always 6
calling 6
chair 6
clerks 6
concerning 6
course 6
documents 6
doing 6
eccentricities 6
effect 6
far 6
floor 6
friend 6
full 6
get 6
ginger-nuts 6
grub-man 6
head 6
knew 6
looked 6
making 6
once 6
part 6
passed 6
peculiar 6
period 6
pity 6
prove 6
reason 6
removed 6
resolved 6
right 6
scriveners 6
seen 6
sometimes 6
soul 6
stay 6
stood 6
strangely 6
sunday 6
sure 6
tell 6
things 6
touching 6
turkey's 6
turning 6
view 6
walk 6
account 5
air 5
answered 5
appeared 5
assist 5
assumed 5
became 5
because 5
better 5
building 5
change 5
circumstances 5
closed 5
consider 5
cried 5
dead 5
decided 5
died 5
doubtless 5
dropped 5
duty 5
else 5
end 5
entered 5
feel 5
find 5
four 5
gently 5
gone 5
ground 5
hands 5
high 5
immediately 5
late 5
law 5
lawyer 5
less 5
letters 5
long 5
look 5
mean 5
melancholy 5
nevertheless 5
night 5
off 5
often 5
opened 5
otherwise 5
particular 5
perhaps 5
plain 5
point 5
procedure 5
remain 5
returned 5
saying 5
second 5
seem 5
services 5
silently 5
simply 5
soon 5
sorry 5
stairs 5
surely 5
third 5
three 5
threw 5
thrust 5
times 5
tombs 5
touched 5
turned 5
usual 5
vagrant 5
want 5
ways 5
whole 5
young 5
altogether 4
asked 4
assume 4
assumption 4
back 4
began 4
believe 4
between 4
body 4
broadway 4
calm 4
case 4
clerk 4
close 4
concluded 4
conduct 4
considered 4
copies 4
copyist 4
corner 4
creature 4
curiosity 4
dead-wall 4
depart 4
each 4
eats 4
ere 4
especially 4
excited 4
exclaimed 4
feet 4
fellow 4
final 4
folding-doors 4
gentlemanly 4
gentlemen 4
given 4
hardly 4
hat 4
heard 4
heart 4
history 4
human 4
hurried 4
idea 4
known 4
landlord 4
led 4
legal 4
leisure 4
longer 4
means 4
mere 4
mildly 4
mine 4
money 4
moreover 4
mouth 4
name 4
nature 4
nay 4
nervous 4
occupied 4
occurred 4
offices 4
owing 4
passion 4
perfectly 4
persons 4
possible 4
possibly 4
private 4
proceeding 4
professional 4
quiet 4
ran 4
rate 4
received 4
refuses 4
scrivener's 4
seldom 4
sent 4
side 4
singular 4
six 4
slowly 4
sound 4
state 4
step 4
sudden 4
suit 4
taken 4
till 4
to-day 4
together 4
truth 4
turn 4
twenty 4
useful 4
voice 4
wanted 4
work 4
yourself 4
above 3
according 3
accordingly 3
addressing 3
advanced 3
affairs 3
almost 3
already 3
also 3
appear 3
appearance 3
apt 3
arm 3
arms 3
arrangement 3
aspect 3
aware 3
begins 3
benefit 3
besides 3
bit 3
black 3
blots 3
both 3
brought 3
buildings 3
certainly 3
chancery 3
charge 3
clerkship 3
coats 3
colt 3
coming 3
committed 3
compliance 3
confinement 3
conscience 3
considerable 3
consideration 3
continually 3
copied 3
countenance 3
cutlets 3
declined 3
deemed 3
deranged 3
direction 3
document 3
doors 3
drawing 3
dull 3
during 3
energetic 3
engaged 3
entry 3
events 3
examining 3
except 3
excitement 3
extraordinary 3
feeling 3
finding 3
folded 3
forth 3
friends 3
generally 3
gentleman 3
getting 3
gloom 3
good-bye 3
got 3
gray 3
grew 3
harmless 3
he's 3
hear 3
hours 3
house 3
idle 3
imagination 3
impatience 3
inasmuch 3
indigestion 3
indispensable 3
individual 3
informed 3
instant 3
jacob 3
john 3
keep 3
lean 3
leave 3
letter 3
light 3
live 3
lock 3
locked 3
lose 3
many 3
meaning 3
meridian 3
mild 3
misery 3
mood 3
mr 3
natural 3
no.-wall-street 3
none 3
noon 3
occasion 3
occupying 3
offered 3
oh 3
ought 3
our 3
pallid 3
pay 3
perceived 3
perplexity 3
position 3
prefers 3
previous 3
privacy 3
prudent 3
question 3
rash 3
reasonable 3
receiving 3
red 3
reference 3
refuse 3
report 3
request 3
resisted 3
retreat 3
reveries 3
revolving 3
rooms 3
sad 3
seek 3
sense 3
seriously 3
set 3
several 3
severe 3
shoulder 3
sight 3
silent 3
since 3
sit 3
sitting 3
slid 3
solitary 3
somehow 3
sorts 3
stand 3
street 3
success 3
summer 3
suppose 3
taking 3
temper 3
tenants 3
terrible 3
that's 3
thinking 3
thus 3
tranquillity 3
tranquilly 3
turnkey 3
uneasiness 3
urged 3
us 3
usage 3
vanity 3
visited 3
waiting 3
walked 3
wall-street 3
week 3
whatever 3
white 3
wholly 3
won't 3
wonderful 3
world 3
write 3
wrote 3
yards 3
years 3
abode 2
absolutely 2
accuracy 2
acknowledge 2
acquaintance 2
acquainted 2
acquiesced 2
across 2
act 2
adam 2
adams 2
additional 2
advancing 2
affair 2
age 2
ago 2
agreeable 2
ah 2
aint 2
ambition 2
apartments 2
apparition 2
apple 2
application 2
applying 2
approached 2
apron 2
arranged 2
aside 2
ask 2
asking 2
assumptions 2
assured 2
astor 2
attempt 2
attorney 2
avocations 2
awhile 2
bad 2
banister 2
bear 2
become 2
beer 2
behold 2
beings 2
bill 2
bills 2
blandest 2
block 2
blot 2
bore 2
boy 2
brick 2
brief 2
briefly 2
budge 2
burned 2
bust 2
buttoned 2
buttoning 2
cadaverous 2
cakes 2
carry 2
character 2
charity 2
chiefly 2
chose 2
church 2
cicero 2
city 2
clients 2
closely 2
cold 2
column 2
commanded 2
compare 2
complained 2
complete 2
comply 2
conclusion 2
conferred 2
confidence 2
considerably 2
considerations 2
constant 2
consternation 2
constitution 2
contact 2
continued 2
convenient 2
copyists 2
courts 2
credit 2
daily 2
deceived 2
decline 2
deem 2
deep 2
deeply 2
deferentially 2
deficient 2
degree 2
delay 2
demanded 2
departure 2
deserted 2
desired 2
despairing 2
dilemma 2
dim 2
dine 2
dining 2
disappeared 2
disarmed 2
dismissed 2
dismissing 2
disposition 2
doesn't 2
dollar 2
dressed 2
earnest 2
earthly 2
easy 2
edwards 2
effects 2
either 2
elderly 2
eminently 2
emotions 2
employed 2
empty 2
endeavor 2
englishman 2
entering 2
entrance 2
errand 2
evil 2
exactly 2
examination 2
examined 2
exasperated 2
expression 2
faculties 2
fain 2
fare 2
fearful 2
fears 2
fell 2
fiery 2
finally 2
finger 2
firm 2
fit 2
five 2
fixed 2
fixture 2
flighty 2
flurried 2
folio 2
following 2
forgers 2
forlorn 2
form 2
fourth 2
frame 2
freely 2
frequently 2
fully 2
future 2
gave 2
general 2
generous 2
ghost 2
grand 2
grate 2
greatly 2
group 2
hairs 2
half 2
hall 2
hard 2
haste 2
health 2
heat 2
height 2
held 2
hence 2
hint 2
hired 2
holding 2
honesty 2
hope 2
hopelessness 2
hot 2
huge 2
humor 2
hundred 2
hurry 2
i'd 2
i'll 2
ignominiously 2
ill 2
imagine 2
imagined 2
immovable 2
impatiently 2
important 2
incensed 2
increased 2
induced 2
indulgent 2
industry 2
inflamed 2
inkstand 2
innocent 2
inserted 2
insisted 2
insolent 2
instantly 2
intended 2
intent 2
interesting 2
interval 2
intervals 2
interview 2
intolerable 2
involuntarily 2
irritability 2
irritable 2
item 2
jail 2
jerking 2
judgment 2
justice 2
justified 2
keeping 2
killed 2
kind 2
knee 2
knowing 2
lad 2
law-copyists 2
lawyer's 2
lawyers 2
lay 2
leaving 2
length 2
lengthy 2
line 2
list 2
lives 2
lo 2
lofty 2
love 2
lustrous 2
maledictions 2
man's 2
master 2
masterly 2
mat 2
mending 2
mention 2
middle 2
minutes 2
mischief 2
miserable 2
monroe 2
morsel 2
motion 2
motionless 2
move 2
moved 2
mrs 2
murder 2
murmured 2
named 2
names 2
neat 2
necessity 2
need 2
needless 2
nervousness 2
newspaper 2
nigh 2
nippers's 2
nor 2
note 2
noticed 2
oats 2
observed 2
occasional 2
occasionally 2
occasions 2
odd 2
opening 2
opinion 2
opportunity 2
order 2
others 2
overheard 2
owe 2
pain 2
pained 2
panes 2
parts 2
passages 2
passing 2
passive 2
pause 2
paused 2
peace 2
peeped 2
pen 2
people 2
perceive 2
perfect 2
permanently 2
permitted 2
perpetual 2
persuaded 2
pieces 2
placed 2
plan 2
please 2
pocket 2
pointing 2
police 2
polite 2
post 2
post-office 2
pray 2
predestinated 2
preferences 2
preferred 2
presented 2
prior 2
prison 2
probably 2
proceed 2
procure 2
produce 2
profession 2
properly 2
proverbially 2
public 2
putting 2
quarters 2
quietly 2
reader 2
readily 2
ready 2
recently 2
reckless 2
reflected 2
regard 2
remarks 2
remove 2
repeat 2
required 2
resentment 2
respect 2
respectfully 2
responsible 2
rest 2
retired 2
revery 2
rise 2
roared 2
rockaway 2
rolled 2
rose 2
ruler 2
rumor 2
sadly 2
safe 2
sarvant 2
satisfactory 2
says 2
scrape 2
seat 2
seeing 2
seize 2
self-possessed 2
selfishness 2
settle 2
sheet 2
shirt 2
singularly 2
sleeping 2
sleeves 2
slept 2
slightest 2
slightly 2
slipping 2
snug 2
soap 2
solitude 2
somewhat 2
sore 2
speaking 2
special 2
spicy 2
spoke 2
stare 2
starve 2
stated 2
statement 2
stationary 2
steadfastly 2
stillness 2
stooped 2
straight 2
stranger 2
strike 2
strove 2
stubborn 2
subsequent 2
suddenly 2
suffered 2
suffering 2
sufficiently 2
suitable 2
summary 2
support 2
surrounding 2
sweet 2
tame 2
teeth 2
tempted 2
thoughts 2
threshold 2
throw 2
thrusting 2
tidings 2
told 2
tongue 2
took 2
town 2
tremor 2
tried 2
trinity 2
trivial 2
trouble 2
true 2
unaccountable 2
uncarpeted 2
unemployed 2
unfortunate 2
unmanned 2
unpleasant 2
unto 2
unusual 2
use 2
using 2
vague 2
valuable 2
various 2
victim 2
violent 2
violently 2
visits 2
vouchsafed 2
warm 2
whereas 2
willing 2
windows 2
wise 2
wished 2
withdraw 2
worked 2
written 2
yard 2
yonder 2
youth 2
 1
6 1
a--premature 1
abate 1
abated 1
aberration 1
abide 1
abiding 1
abridge 1
abrogation 1
abruptly 1
absence 1
absent 1
absent-mindedness 1
abstaining 1
absurd 1
absurdly 1
accent 1
accessible 1
accidentally 1
accomplish 1
accomplishing 1
accord 1
accosted 1
ace 1
aching 1
acquisition 1
act-an 1
acting 1
activity 1
actor 1
actual 1
acuteness 1
adapted 1
add 1
added-``after 1
addressed 1
addresses 1
adequate 1
adequately 1
adjustment 1
administration 1
admission 1
admit 1
admitting 1
admonitions 1
ado 1
adopt 1
advance 1
advent 1
advertisement 1
advise 1
affected 1
affections 1
afflictive 1
afford 1
afforded 1
afternoons 1
afterwards 1
age-even 1
agent 1
aggravates 1
aghast 1
agitation 1
agreeably 1
aid 1
ajar 1
alacrity 1
alarmed 1
ale 1
alive 1
all-wise 1
alleged 1
allude 1
alms 1
alms-house 1
along 1
aloof 1
altercation 1
amazing 1
ambiguous-looking 1
ambitious 1
amid 1
amiss 1
and-preferred 1
anger 1
anger's 1
angle 1
angry 1
annoyances 1
annually 1
answerable 1
anthracite 1
anticipations 1
anxiously 1
apart 1
apartment 1
appeal 1
appearance;-this 1
appears 1
applause 1
appointed 1
appreciate 1
apprehension 1
apprentice 1
apprised 1
approaching 1
approved 1
arduous 1
argue 1
arguing 1
arisen 1
around 1
array 1
ascendancy 1
ascendency 1
ascertain 1
ascertainable 1
asleep 1
assert 1
assign 1
associations-an 1
assorting 1
astonished 1
astonishment 1
astor's 1
astoria 1
ate 1
atlantic 1
attaches 1
attention 1
attentively 1
attenuated 1
attic 1
attitude 1
attracted 1
audibly 1
aught 1
augmented 1
austere 1
authority 1
avail 1
averse 1
avoid 1
awaken 1
awakening 1
awakes 1
awed 1
b 1
bachelor's 1
back-yards 1
baggy 1
balanced 1
bald 1
bandanna 1
banisters 1
bank 1
bank-note 1
bar-tender's 1
base 1
basin 1
basis 1
beams 1
beauties 1
beautiful 1
beauty 1
beckoned 1
bed 1
beer-nippers 1
before-would 1
befriend 1
beggarly 1
begged 1
begin 1
behalf 1
behavior 1
belong 1
bench 1
beneficially 1
benevolently 1
bent 1
betokened 1
beyond 1
bidding 1
bids 1
billeted 1
biographies 1
biography 1
birds 1
birth 1
bits 1
bitter 1
bitterly 1
blacking 1
blandly 1
blanket 1
blanket-like 1
blankly 1
blazed 1
blazing-but 1
blazonry 1
blending 1
bless 1
blessed 1
blind 1
blocks 1
blotted 1
blotting 1
blue 1
blunders 1
boiler 1
bold 1
bond 1
bonds 1
books 1
born 1
bottom 1
bound 1
bound-indeed 1
bound-to-to-to 1
bow 1
box 1
boxing 1
brain-led 1
brandy 1
brandy-like 1
brass 1
bravado 1
break 1
breakfast 1
breathe 1
breeding 1
bribes 1
bricks 1
bright 1
brilliant 1
bring 1
broad 1
brooding 1
browbeaten 1
brush 1
built 1
bullion 1
bullying 1
bundle 1
business-that 1
button 1
byron 1
bystanders 1
c 1
cadaverously 1
cake 1
cake-small 1
calamities 1
can't 1
canal-street 1
candidate 1
candle-light 1
cane 1
cannel 1
capacities 1
care-free 1
careful 1
carefully 1
carelessly 1
carman 1
carried 1
carrying 1
cart 1
cart-load 1
carthage 1
carts 1
cases 1
casting 1
caught 1
cause 1
cause-indigestion-the 1
caused 1
causing 1
celebrated 1
cell 1
cents 1
chafing 1
chairs 1
chamber 1
chances 1
changed 1
characters 1
charged 1
charitable 1
charitably 1
charity's 1
charity:-he 1
charm 1
charmed 1
cheaply 1
check 1
cheerfully 1
cheese 1
chief 1
chin 1
chips 1
choleric 1
christmas 1
church-going 1
circle 1
circulation 1
circumstance 1
cistern 1
civilest 1
civility 1
claim 1
clapping 1
cleaner 1
clear 1
clearest 1
clearly 1
clefts 1
client 1
cling 1
clothes 1
cloudless 1
coal 1
coals 1
coaxing 1
coffee 1
coincidences 1
collared 1
collecting 1
coloring 1
columns 1
combativeness 1
comes 1
comfort 1
comfortable 1
commandment 1
commands 1
commended 1
commit 1
companion 1
company 1
comparatively 1
comparing 1
compassionate 1
compassionated 1
compatriot 1
completely 1
complicated 1
compliment 1
composed 1
comprehended 1
compressing 1
con 1
conceivable 1
conceive 1
concerned 1
conclude 1
condition 1
condolence 1
conducted 1
confess 1
confidential 1
confined 1
conflicting 1
conjoined 1
connected 1
connection 1
consequent 1
considering 1
consist 1
constable 1
constables 1
constituents 1
constructing 1
construe 1
consumption 1
contain 1
contained 1
contemplating 1
content 1
contentedly 1
contents 1
continual 1
contracted 1
contrast 1
contrasted 1
convenience 1
conversation 1
conversation,-how 1
conveyancer 1
conviction 1
cool 1
coolest 1
corps 1
corridor 1
corridors 1
cost 1
couched 1
counsellors 1
count 1
counted 1
country 1
coupling 1
court 1
courtesy 1
credited 1
crimpy 1
crisp 1
critical 1
crossed 1
crossing 1
crowded 1
crowding 1
cruelty 1
crumbs 1
crunching 1
culminate 1
curious 1
cushioned 1
custom 1
customs 1
dangerous 1
dared 1
dark 1
deal 1
death 1
debating 1
decease 1
decently 1
decide 1
decision 1
declare 1
declared 1
decorous 1
deeper 1
deference 1
definite 1
defray 1
delicate 1
delicious 1
delighted 1
delivered 1
demands 1
demeanor 1
demented 1
demonstrations 1
denouncing 1
densely-populated 1
denying 1
depart-as 1
departed 1
departing 1
dependent 1
deplore 1
deploy 1
deportment 1
described 1
description 1
desire 1
desk:-then 1
desperation 1
despondency 1
detained 1
determination 1
determined 1
determining 1
devotions 1
diabolical 1
dictate 1
die 1
difficult 1
difficulty 1
digestion 1
diligence 1
dime 1
dimly 1
dined 1
dinner-hour 1
dinners 1
dipping 1
directed 1
directly 1
directory 1
disagree 1
discharged 1
disconcerted 1
discontent 1
discovered 1
discoveries 1
disdain 1
diseased 1
disgraceful 1
dishabille 1
dishonor 1
disinterested 1
dismantled 1
dismiss 1
dismission 1
disorder 1
dispassionate 1
dispatch 1
dispatched 1
dispatching 1
displayed 1
displeased 1
disposed 1
disqualified 1
dissipation 1
distinctly 1
distress 1
disturbed 1
divers 1
divided 1
divine 1
divulge 1
do-i 1
do-namely 1
doctrine 1
dodging 1
doff 1
dollars 1
dome 1
domestic 1
don't 1
done-i 1
done-though 1
done?-a 1
door-since 1
doubts,-i 1
downy 1
dragged 1
drank 1
drawer 1
drawer-up 1
drawn 1
draws 1
dreadful 1
dreadfully 1
dreamy 1
drew 1
drive 1
driven 1
driving 1
drove 1
drown 1
dry 1
dry-goods 1
dubious 1
dun 1
dusted 1
dusty 1
dutch 1
duties 1
dwelling-and 1
dyspeptic 1
eagerness 1
ear 1
earlier 1
early 1
ears 1
easiest 1
easing 1
eat 1
eating 1
eating-houses 1
eccentric 1
echoed 1
echoes 1
effectual 1
effectually 1
efficacy 1
efforts 1
effrontery 1
egyptian 1
eh 1
eh!-he's 1
eight 1
election 1
eleven 1
elicit 1
elsewhere 1
em-can't 1
embrace 1
emerge 1
emerging 1
emphasizing 1
employees 1
employer 1
employment 1
employments 1
emptiness 1
enabling 1
enact 1
encounter 1
endeavored 1
engage 1
enhance 1
enjoy 1
enlist 1
enlisted 1
enlists 1
enough 1
ensued 1
enter 1
entertain 1
entertained 1
enthusiasm 1
entreat 1
entreated 1
erections 1
err 1
errands 1
escape 1
essayed 1
established 1
eternal 1
eternity 1
europe 1
evening 1
eventually 1
ever,-but 1
everlasting 1
evident 1
evinced 1
evinces 1
example 1
exasperating 1
exceeding 1
excessive 1
exciting 1
exclaiming 1
excuse 1
execable 1
exempt 1
exemptions 1
exercise 1
exhibited 1
exist 1
expectancy 1
expenses 1
experienced 1
expiration 1
exposed 1
express 1
expressive 1
exquisite 1
extended 1
extinct 1
eye 1
eyesight 1
faces 1
facts 1
fail 1
failings 1
failure 1
faint 1
faintest 1
fair 1
fairly 1
faith 1
fall 1
falling 1
faltering 1
familiarly 1
famishing 1
fancy 1
fancyings-chimeras 1
fast 1
fatal 1
fate 1
father 1
fathom 1
faults 1
favor 1
fear 1
feared 1
feelings 1
fellow-feeling 1
fellows 1
fervid 1
fetch 1
figure 1
filed 1
files 1
filled 1
fine 1
fire 1
fists 1
fits 1
fitted 1
flamed 1
flames 1
flat 1
flavoring 1
flight 1
florid 1
flown 1
flute-like 1
flying 1
foe 1
folding 1
folding-door 1
followed 1
fondness 1
foot 1
footfall 1
forbade 1
forbidding 1
forebodings 1
foremost 1
forger 1
forget 1
forgetful 1
forlornest 1
forlornness 1
former 1
formerly 1
forming 1
fortunate 1
fraternal 1
free 1
freedom 1
friction 1
friendlessness 1
friendly 1
frighten 1
fro 1
fronting 1
fugitive 1
fullest 1
fumbling 1
fumes 1
functionary 1
furnish 1
furniture 1
furthermore 1
gaining 1
gainsay 1
gala 1
gallantly 1
gather 1
gay 1
gazing 1
genius 1
genteel-like 1
gentle 1
gentleman's 1
gentleness 1
gentler 1
gesture 1
ginger-cake 1
glad 1
glance 1
glass 1
glazed 1
glimpse 1
glory 1
glow 1
glowing 1
go?-done 1
goaded 1
gobble 1
god 1
going-good-bye 1
good-natured 1
gorge 1
gradual 1
gradually 1
grappled 1
grass 1
grass-platted 1
grass-seed 1
gratification 1
gratify 1
grave 1
green 1
grim 1
grimy 1
grin 1
grind 1
grinding 1
grinning 1
gritted 1
groped 1
grounds-cool 1
growing 1
grub-man's 1
guards 1
habit 1
habits 1
haggard 1
half-past 1
halls 1
handed 1
handful 1
handkerchief 1
handled 1
handling 1
handy 1
hapless 1
happened 1
happiness 1
happy 1
harmed 1
harsh 1
hath 1
hatred's 1
haughtiness 1
haunt 1
haunting 1
headed 1
heads 1
heaped 1
heartless 1
heavy 1
hectoring 1
heeding 1
heighten 1
helped 1
helpless 1
here-take 1
hereafter 1
herman 1
herself 1
hesitation 1
hides 1
high-tempered 1
higher 1
highly 1
highly-respectable 1
hindrance 1
hinted 1
hire 1
hissed 1
hissing 1
histories 1
hoboken 1
hold 1
holes 1
home-thrust 1
homeward 1
honest 1
honorable 1
horrible 1
horse 1
horses 1
hour 1
hour-it 1
hovered 1
how's 1
huddled 1
hue 1
humanity 1
humanizing 1
hums 1
hungers 1
hunted 1
hunter 1
hurriedly 1
hurrying 1
husky 1
i-``that's 1
ill-tempered 1
illiberal 1
immobility 1
immoral 1
impaired 1
imperative 1
impertinence 1
implied 1
impossible 1
impotent 1
impress 1
imprimis 1
imprisoned 1
improve 1
improved 1
imprudently 1
impulse 1
inadvertence 1
inadvertently 1
incautious 1
incautiously 1
incentives 1
incessant 1
inches 1
incidental 1
incidentally 1
incipient 1
inclosed 1
inclosure 1
income 1
incontinently 1
inconvenience 1
incubus 1
incurable 1
incurably 1
indecorous 1
indefinite 1
indicated 1
indifference 1
indifferently 1
indignant 1
indignation 1
indubitably 1
indulge 1
indulged 1
indulgence 1
industrious 1
inferior 1
infirmities 1
inflexible 1
inform 1
information 1
ingenious 1
inherent 1
inhumane 1
injunction 1
ink 1
innate 1
inquiring 1
inscrutable 1
insensible 1
inside 1
insolence 1
inspection 1
inspirited 1
instead 1
instinctively 1
intelligence 1
intends 1
interest 1
interested 1
interior 1
interment 1
interrupted 1
intimated 1
intimating 1
intolerably 1
introduce 1
introducing 1
intruded 1
invade 1
invariable 1
invariably 1
invention 1
inveteracy 1
invisible 1
invocation 1
involuntary 1
inward 1
irreparable 1
irresistible 1
irresistibly 1
irreversible 1
irritated 1
isolate 1
it?-of 1
jealousy's 1
jerk 1
jersey 1
jingling 1
join 1
joined 1
jostle 1
joy 1
jumping 1
jury 1
justices 1
keenly 1
keys 1
kick 1
kindest 1
kindly 1
kings 1
knees 1
knob 1
knocked 1
knocking 1
knotted 1
knowledge 1
knuckles 1
labor 1
labors 1
laid 1
landing 1
landlord's 1
landscape 1
largely 1
lateral 1
latter 1
law-chambers 1
laws 1
laying 1
lead 1
leaned 1
leaning 1
leanly 1
learn 1
learned 1
leaves 1
legitimate 1
legs 1
lessen 1
lethargic 1
letting 1
lid 1
lie 1
lies-sleeping 1
life-lease 1
lightning 1
limb 1
lines 1
lips 1
listen 1
listening 1
literature 1
lived 1
living 1
lodgings 1
loftier 1
loiter 1
loneliness 1
long-continued 1
long-lived 1
longed 1
loose 1
losing 1
loss 1
louder 1
loudly 1
low 1
lowered 1
luckily 1
luny 1
lurk 1
lurking 1
lying 1
magic 1
magical 1
mail 1
mainly 1
makes 1
man-here 1
management 1
manhattanville 1
manifestations 1
mankind 1
march 1
marius 1
marshal 1
mason 1
masonry 1
master's 1
mastered 1
matched-for 1
materials 1
mature 1
mayoralty 1
me,-this 1
me-``i'd 1
me-gesticulating 1
me-he 1
me-no 1
me-one 1
meagre 1
meant 1
meanwhile 1
measures 1
meat-like 1
mechanical 1
mechanically 1
meditate 1
melville 1
men's 1
mental 1
merchants 1
mercy's 1
merge 1
meridian-his 1
method 1
methodically 1
mettlesome 1
mid 1
mildness 1
millstone 1
minds 1
mirror 1
miserably 1
misfortune 1
mission 1
mississippi 1
mistakes 1
misunderstood 1
mixed 1
mob 1
mobbed 1
moisten 1
moistening 1
mollified 1
momentary 1
moments 1
months 1
moodiness 1
moods 1
moon-struck 1
morbid 1
mortal 1
mortal,-you 1
mortgage 1
mortgages 1
mortified 1
motioned 1
motionlessness 1
motive 1
moulders 1
mouths 1
moving 1
mule 1
mulish 1
munched 1
murderers 1
mute 1
mutually 1
mysteries 1
mysterious 1
naked 1
narrated 1
narrative 1
narrator's 1
narrow 1
narrowly 1
native 1
nay-if 1
near 1
near-sighted 1
necessary 1
necessities 1
neck 1
necklace 1
nervously 1
nettled 1
new-york 1
nice 1
nicknames 1
night's 1
nightfall 1
nippers-``i'd 1
noble 1
noise 1
noiseless 1
noiselessly 1
noisy 1
non-success 1
nonchalance 1
not-unpleasing 1
noted 1
notice 1
now-not 1
now-pallidly 1
nudity 1
nuisance 1
numerous 1
nut-shell 1
nuts 1
oaf 1
obeying 1
object 1
objection 1
oblivious 1
obscurely 1
observable 1
observations 1
obstacle 1
obstreperous 1
obstreperousness 1
obtain 1
obtained 1
obtruded 1
occasioned 1
occupancy 1
occupant 1
occupation 1
occupy 1
odds 1
offended 1
office-boy 1
office-room 1
officer 1
oily 1
omnibus 1
ones 1
openly 1
operate 1
operates 1
opposition 1
oratorically 1
orbicular 1
ordinarily 1
ordinary 1
organic 1
organization 1
oriental 1
originally 1
outlive 1
outrages 1
outright 1
outside 1
overlook 1
overpowering 1
overturn 1
p.m 1
pacified 1
padded 1
page 1
page-is 1
pages 1
paid 1
painters 1
palely 1
pallid-how 1
pallor 1
panel 1
pantaloons 1
paper-weight 1
paramount 1
pardon 1
paroxysms 1
particles 1
parting 1
party 1
passions 1
passiveness 1
passivity 1
past 1
pasteboard 1
patience 1
peculiarities 1
peered 1
peering 1
pence 1
penetrate 1
penetrating 1
penniless 1
penny-the 1
pens 1
pensive 1
perceptions 1
periods 1
permanent 1
permit 1
permits 1
permitting 1
pernicious 1
perplexing 1
persecute 1
persecution 1
persist 1
persisted 1
persisting 1
persists 1
personage 1
personal 1
persuasion 1
perturbed 1
perverse 1
perverseness 1
perverseness-such 1
petra 1
philanthropy 1
pigeon 1
pillar 1
pipe 1
piratical-looking 1
pitiably 1
pityingly 1
placing 1
plainest 1
plainly 1
plaster-of-paris 1
plate 1
pleasant 1
pleasantly 1
pleased 1
pleasure 1
plume 1
pocket-and-and 1
poet 1
poetic 1
point-blank 1
pondered 1
ponderings 1
populous-a 1
portly 1
positively 1
possessing 1
possession 1
possessor 1
possible-he 1
postpone 1
potations 1
poverty 1
powers-ambition 1
practice-there 1
preacher 1
preceding 1
precious 1
precipitately 1
precise 1
precisely 1
presence 1
presentiments 1
presently 1
pressing 1
pretending 1
prevailed 1
previously 1
pride's 1
priestley 1
prime 1
principle 1
principle-a 1
prisoners 1
privately 1
privileges 1
pro 1
probabilities 1
probability 1
probable 1
proceeded 1
proceeds 1
procession 1
procured 1
procuring 1
producing 1
professionally 1
profits 1
profound 1
profoundest 1
profoundly 1
project 1
promise 1
promising 1
prompt 1
prompted 1
prompting 1
prone 1
pronouncing 1
proof 1
property 1
proportion 1
propose 1
proprieties 1
proprietor 1
propriety 1
prospectively 1
prosperity 1
proved 1
proves 1
provide 1
providence 1
provocation 1
prudence 1
prudential 1
pugilistic 1
purchase 1
pure 1
pursuit 1
pursy 1
purveyor 1
push 1
pushed 1
pyramids 1
quadruplicate 1
quadruplicates 1
qualifications 1
quantity 1
quart 1
quest 1
questions 1
quick 1
quick-witted 1
quickest 1
quiescent 1
quietest 1
quietness 1
quietude 1
racket 1
radiant 1
ragged 1
rallying 1
rapid 1
rapidity 1
rapidly 1
rashness 1
rashnesses 1
re-engage 1
re-entered 1
reach 1
reached 1
reaching 1
read 1
reading 1
reading-no 1
really 1
reappear 1
reasonable:-say 1
reasoned 1
reasons 1
rebelled 1
rebellion 1
recalled 1
recalling 1
receive 1
recesses 1
recital 1
recklessness 1
reclining 1
recognized 1
reconciled 1
recondite 1
record 1
recovered 1
recovering 1
reeling 1
refectory 1
refer 1
refrain 1
refusal 1
regarded 1
regards 1
regularity 1
reinforcement 1
rejoined 1
relate 1
relation 1
relative 1
relatives 1
relentless 1
relieve 1
relieved 1
remainder 1
remains 1
remarkable 1
remedying 1
remember 1
remonstrated 1
removal 1
removing 1
remunerative 1
rent 1
repeated 1
repeating 1
replies 1
reproach 1
reproachful 1
repulse 1
repulsed 1
repulsion 1
reputation 1
request-a 1
require 1
reseated 1
resembled 1
reserve 1
reserving 1
residence 1
residing 1
resistance 1
resisting 1
resolves 1
resolving 1
resort 1
respectable 1
respective 1
respects 1
response 1
rested 1
restive 1
restless 1
restored 1
retire 1
retorts 1
retribution 1
retrospectively 1
return 1
revealed 1
revealing 1
reverential 1
revolved 1
rich 1
ricketty 1
right-hand 1
ring:-the 1
rings 1
rippled 1
rising 1
roaring 1
roguishly 1
roof 1
room-that 1
round,-``and 1
rounded 1
rousing 1
row 1
rub 1
rude 1
rudely 1
ruined 1
ruins 1
ruminating 1
run 1
running 1
rushed 1
sadness 1
safeguard 1
sagacious 1
said-``is 1
sailing 1
sallow 1
salt 1
salutary 1
salutation 1
sand-box 1
sanguine 1
saturday 1
saturdays 1
saved 1
saving 1
saving's 1
savings 1
say-i 1
saying-``with 1
scandalizing 1
scene 1
science 1
scores 1
scorned 1
screened 1
scrubbed 1
seal 1
seated 1
seats 1
secular 1
sedate 1
seedy 1
seeking 1
seized 1
self-approval 1
self-indulgent 1
self-interest 1
sell 1
sensitive 1
sentence 1
sentimental 1
sentry 1
sequel 1
serene 1
serenely 1
serious 1
service 1
severely 1
severer 1
shade 1
shaft 1
share 1
shared 1
sharp 1
sheer 1
shells 1
shield 1
shillings 1
shirt-button 1
shiver 1
shivering 1
show 1
sick 1
side-window 1
sideways 1
sighed 1
silence 1
silks 1
silly 1
silver 1
sincerest 1
sing-sing 1
single 1
sinister 1
sir-hope 1
sir;-spacious 1
sixpences 1
sixty 1
sky 1
skylight 1
slight 1
slip 1
slits 1
slow 1
slunk 1
smallest 1
smell 1
smile 1
smoothly 1
snatch 1
socially 1
society 1
sofa 1
soft 1
sole 1
solved 1
somewhere 1
son 1
sons 1
sorts-was 1
souls 1
sounds 1
sour 1
sources 1
space 1
spacious 1
spark 1
sparkling 1
spasmodic 1
specimen 1
spectator 1
spectators 1
speed 1
speedily 1
spent 1
spicy-after 1
spilled 1
spine 1
spiritual 1
spitzenbergs 1
split 1
spoken 1
sport 1
spread 1
sprung 1
spy-glass 1
square 1
squeamishness 1
stagger 1
staggered 1
stalls 1
start 1
started 1
starting 1
stating 1
stationery 1
steadiest 1
steadiness 1
steal 1
steaming 1
steep 1
steps 1
stifled 1
stinging 1
stipulations 1
stirred 1
stones 1
stooping 1
stop 1
stopped 1
store 1
story 1
strangers 1
strangest 1
strictly 1
stride 1
striding 1
strive 1
struck 1
student 1
study 1
stunned 1
style 1
subject 1
subordinate 1
suburbs 1
successful 1
succor 1
suddenness 1
suffice-in 1
suffrage 1
suggested 1
suggesting 1
suggestive 1
sulky 1
summon 1
summoning 1
summons 1
sun 1
sun-light 1
sundry 1
superfluous 1
superior 1
superstitious 1
supply 1
supposed 1
supposition 1
surmise 1
surmised 1
surmises 1
surprise 1
surprised 1
surrendering 1
surroundings 1
suspicion 1
swan-like 1
sweeper 1
sweeping 1
swept 1
swift 1
swiftest 1
tacit 1
takes 1
talk 1
tape 1
tattered 1
taxes 1
tea 1
tea-time 1
telling 1
temperaments 1
temperate 1
temple 1
temporarily 1
tempting 1
ten 1
tenanting 1
tended 1
terminated 1
terms 1
testimony 1
testiness 1
thankful 1
then,-good 1
then,-strange 1
then-you 1
theory 1
there''-and 1
there;-first 1
there?-copying 1
thereabouts 1
thereof 1
thereupon 1
thickness 1
thieves 1
thin 1
thinker 1
thirty 1
thirty-two 1
this,-he 1
this;-i 1
thither 1
thoroughfares 1
thoroughly 1
threat 1
threatened 1
throughout 1
thumb 1
thunderstruck 1
thus!''-and 1
thwarting 1
tie 1
time-try 1
tin 1
tingling 1
tis 1
title 1
title-deed 1
title-deeds 1
to-in 1
to-morrow 1
tongues 1
top 1
tore 1
torrent 1
touch 1
touchingly 1
toward 1
towel 1
tragedy 1
tranquil 1
transferred 1
transformed 1
traps 1
travel 1
treated 1
trembled 1
trembling 1
trespasser 1
tribulation 1
trifling 1
trim 1
triumph 1
troubles 1
true,-but 1
truly 1
try 1
trying 1
turbulence 1
turf 1
turns 1
twenty-four 1
twinges 1
twitching 1
tyrannized 1
ugly 1
unable 1
unaccountably 1
unaffectedly 1
unalterable 1
unalterableness 1
unambitious 1
unanswerable 1
unawares 1
unbounded 1
uncaring 1
uncharitable 1
uncomfortable 1
unconditionally 1
unconscious 1
undeniable 1
underneath 1
understand 1
understanding 1
understood 1
undertake 1
undiminished 1
unexampled 1
ungrateful 1
unhallowed 1
unheard 1
unheard-of 1
unhoping 1
unindulged 1
universe 1
unjust 1
unknown 1
unless 1
unmoving 1
unnecessary 1
unobstructed 1
unofficially 1
unprecedented 1
unprovided 1
unreasonable 1
unreasonableness 1
unrelieved 1
unreservedly 1
unseemly 1
unsolicited 1
unsurmised 1
unused 1
unusually 1
unwarrantable 1
unwholesome 1
unwilling 1
unwonted 1
upbraided 1
upper 1
uproar 1
upwards 1
urgings 1
usages 1
useless 1
usually 1
usurpation 1
utterly 1
vacancy 1
vagary 1
vaguely 1
vain 1
vain:-i 1
valuing 1
vanished 1
vastly 1
veering 1
vegetables 1
vegetarian 1
vehement 1
verify 1
verily 1
versa 1
vexing 1
vice 1
vile 1
villain 1
vintner 1
violate 1
virginia 1
visage 1
visible 1
vision 1
visitors 1
voluntary 1
vulgar 1
wafers-indeed 1
waistbands 1
waive 1
walking 1
walls 1
wander 1
wanderer 1
wane-till 1
ward-politician 1
warmth 1
warned 1
washington 1
wasted 1
watching 1
water 1
weak 1
wearisome 1
wears 1
week's 1
week-days 1
weekly 1
weeks 1
weep 1
weighed 1
weight 1
well-better 1
weren't 1
whence 1
whereabouts 1
wherein 1
wherever 1
whim 1
whiskered 1
whisper 1
wholesome 1
wide 1
wight?-my 1
wildly 1
wilfulness 1
willingly 1
winding 1
windsor 1
winter 1
wisely 1
wiser 1
wisest 1
wish 1
withal 1
withdrawn 1
withheld 1
within-``not 1
withstand 1
witnesses 1
wold 1
woman 1
wonder 1
wondrous 1
wordiness 1
wore 1
worried 1
worse 1
wreck 1
wrinkle 1
writer 1
written:-i 1
wrong 1
wrongs 1
wrought 1
ye 1
yes-queer 1
yesterday 1
you'll 1
you-and 1
yourn 1
yours 1
yours.-will 1
